<?xml version="1.0" encoding="UTF-8"?>
<!-- Generated by org.testng.reporters.JUnitReportReporter -->
<testsuite hostname="subin" failures="0" tests="1" name="testscript.LoginTest" time="7.480" errors="0" timestamp="2024-11-27T15:04:00 IST" skipped="0">
  <testcase classname="testscript.LoginTest" name="verifythattheuserisabletologinwithinvalidpassword" time="7.480"/>
  <system-out/>
</testsuite> <!-- testscript.LoginTest -->
